<?xml version="1.0" encoding="UTF-8"?>
<testng-results ignored="0" total="2" passed="2" failed="0" skipped="0">
  <reporter-output>
  </reporter-output>
  <suite started-at="2026-07-27T16:32:17 IST" name="Surefire suite" finished-at="2026-07-27T16:32:23 IST" duration-ms="5544">
    <groups>
    </groups>
    <test started-at="2026-07-27T16:32:17 IST" name="Surefire test" finished-at="2026-07-27T16:32:23 IST" duration-ms="5544">
      <class name="testng.UploadFile">
        <test-method is-config="true" signature="setup()[pri:0, instance:testng.UploadFile@2d9d4f9d]" started-at="2026-07-27T16:32:17 IST" name="setup" finished-at="2026-07-27T16:32:23 IST" duration-ms="5471" status="PASS">
          <reporter-output>
          </reporter-output>
        </test-method> <!-- setup -->
        <test-method signature="NavigateTouploadFile()[pri:0, instance:testng.UploadFile@2d9d4f9d]" started-at="2026-07-27T16:32:23 IST" name="NavigateTouploadFile" finished-at="2026-07-27T16:32:23 IST" duration-ms="19" status="PASS">
          <reporter-output>
          </reporter-output>
        </test-method> <!-- NavigateTouploadFile -->
        <test-method signature="verifyFileUpload()[pri:0, instance:testng.UploadFile@2d9d4f9d]" started-at="2026-07-27T16:32:23 IST" name="verifyFileUpload" finished-at="2026-07-27T16:32:23 IST" duration-ms="19" status="PASS">
          <reporter-output>
          </reporter-output>
        </test-method> <!-- verifyFileUpload -->
      </class> <!-- testng.UploadFile -->
    </test> <!-- Surefire test -->
  </suite> <!-- Surefire suite -->
</testng-results>
